This is pdfTeX, Version 3.1415926-2.5-1.40.14 (TeX Live 2013/Debian) (format=pdflatex 2015.3.27)  28 AUG 2016 23:35
entering extended mode
 restricted \write18 enabled.
 %&-line parsing enabled.
**main.py
(./main.py
LaTeX2e <2011/06/27>
Babel <3.9h> and hyphenation patterns for 78 languages loaded.

! LaTeX Error: Missing \begin{document}.

See the LaTeX manual or LaTeX Companion for explanation.
Type  H <return>  for immediate help.
 ...                                              
                                                  
l.1 i
     mport math
? q
OK, entering \batchmode...
Missing character: There is no i in font nullfont!
Missing character: There is no m in font nullfont!
Missing character: There is no p in font nullfont!
Missing character: There is no o in font nullfont!
Missing character: There is no r in font nullfont!
Missing character: There is no t in font nullfont!
Missing character: There is no m in font nullfont!
Missing character: There is no a in font nullfont!
Missing character: There is no t in font nullfont!
Missing character: There is no h in font nullfont!

Overfull \hbox (20.0pt too wide) in paragraph at lines 1--2
[]
 []


! LaTeX Error: Missing \begin{document}.

See the LaTeX manual or LaTeX Companion for explanation.
Type  H <return>  for immediate help.
 ...                                              
                                                  
l.3 d
     ef print_approx(length):
You're in trouble here.  Try typing  <return>  to proceed.
If that doesn't work, type  X <return>  to quit.

Missing character: There is no d in font nullfont!
Missing character: There is no e in font nullfont!
Missing character: There is no f in font nullfont!
Missing character: There is no p in font nullfont!
Missing character: There is no r in font nullfont!
Missing character: There is no i in font nullfont!
Missing character: There is no n in font nullfont!
Missing character: There is no t in font nullfont!
! Missing $ inserted.
<inserted text> 
                $
l.3 def print_
              approx(length):
I've inserted a begin-math/end-math symbol since I think
you left one out. Proceed, with fingers crossed.

LaTeX Font Info:    External font `cmex10' loaded for size
(Font)              <7> on input line 3.
LaTeX Font Info:    External font `cmex10' loaded for size
(Font)              <5> on input line 3.
! Missing $ inserted.
<inserted text> 
                $
l.5 
    
I've inserted a begin-math/end-math symbol since I think
you left one out. Proceed, with fingers crossed.


Overfull \hbox (20.0pt too wide) in paragraph at lines 3--5
[]
 []


Overfull \hbox (71.92566pt too wide) in paragraph at lines 3--5
[]\OML/cmm/m/it/10 pprox\OT1/cmr/m/n/10 (\OML/cmm/m/it/10 length\OT1/cmr/m/n/10
 ) :
 []


Overfull \hbox (90.47714pt too wide) in paragraph at lines 3--5
\OML/cmm/m/it/10 print\OT1/cmr/m/n/10 ("\OML/cmm/m/it/10 ApproxMin \OT1/cmr/m/n
/10 :
 []


Overfull \hbox (12.77782pt too wide) in paragraph at lines 3--5
\OT1/cmr/m/n/10 " +
 []


Overfull \hbox (234.03319pt too wide) in paragraph at lines 3--5
\OML/cmm/m/it/10 str\OT1/cmr/m/n/10 (\OML/cmm/m/it/10 math:ceil\OT1/cmr/m/n/10 
(\OML/cmm/m/it/10 math:log\OT1/cmr/m/n/10 (\OML/cmm/m/it/10 math:factorial\OT1/
cmr/m/n/10 (\OML/cmm/m/it/10 length\OT1/cmr/m/n/10 )\OML/cmm/m/it/10 ; \OT1/cmr
/m/n/10 2))))$ 
 []


! LaTeX Error: Missing \begin{document}.

See the LaTeX manual or LaTeX Companion for explanation.
Type  H <return>  for immediate help.
 ...                                              
                                                  
l.6 d
     ef swap(values,index1,index2):
You're in trouble here.  Try typing  <return>  to proceed.
If that doesn't work, type  X <return>  to quit.

Missing character: There is no d in font nullfont!
Missing character: There is no e in font nullfont!
Missing character: There is no f in font nullfont!
Missing character: There is no s in font nullfont!
Missing character: There is no w in font nullfont!
Missing character: There is no a in font nullfont!
Missing character: There is no p in font nullfont!
Missing character: There is no ( in font nullfont!
Missing character: There is no v in font nullfont!
Missing character: There is no a in font nullfont!
Missing character: There is no l in font nullfont!
Missing character: There is no u in font nullfont!
Missing character: There is no e in font nullfont!
Missing character: There is no s in font nullfont!
Missing character: There is no , in font nullfont!
Missing character: There is no i in font nullfont!
Missing character: There is no n in font nullfont!
Missing character: There is no d in font nullfont!
Missing character: There is no e in font nullfont!
Missing character: There is no x in font nullfont!
Missing character: There is no 1 in font nullfont!
Missing character: There is no , in font nullfont!
Missing character: There is no i in font nullfont!
Missing character: There is no n in font nullfont!
Missing character: There is no d in font nullfont!
Missing character: There is no e in font nullfont!
Missing character: There is no x in font nullfont!
Missing character: There is no 2 in font nullfont!
Missing character: There is no ) in font nullfont!
Missing character: There is no : in font nullfont!
Missing character: There is no t in font nullfont!
Missing character: There is no e in font nullfont!
Missing character: There is no m in font nullfont!
Missing character: There is no p in font nullfont!
Missing character: There is no = in font nullfont!
Missing character: There is no v in font nullfont!
Missing character: There is no a in font nullfont!
Missing character: There is no l in font nullfont!
Missing character: There is no u in font nullfont!
Missing character: There is no e in font nullfont!
Missing character: There is no s in font nullfont!
Missing character: There is no [ in font nullfont!
Missing character: There is no i in font nullfont!
Missing character: There is no n in font nullfont!
Missing character: There is no d in font nullfont!
Missing character: There is no e in font nullfont!
Missing character: There is no x in font nullfont!
Missing character: There is no 1 in font nullfont!
Missing character: There is no ] in font nullfont!
Missing character: There is no v in font nullfont!
Missing character: There is no a in font nullfont!
Missing character: There is no l in font nullfont!
Missing character: There is no u in font nullfont!
Missing character: There is no e in font nullfont!
Missing character: There is no s in font nullfont!
Missing character: There is no [ in font nullfont!
Missing character: There is no i in font nullfont!
Missing character: There is no n in font nullfont!
Missing character: There is no d in font nullfont!
Missing character: There is no e in font nullfont!
Missing character: There is no x in font nullfont!
Missing character: There is no 1 in font nullfont!
Missing character: There is no ] in font nullfont!
Missing character: There is no = in font nullfont!
Missing character: There is no v in font nullfont!
Missing character: There is no a in font nullfont!
Missing character: There is no l in font nullfont!
Missing character: There is no u in font nullfont!
Missing character: There is no e in font nullfont!
Missing character: There is no s in font nullfont!
Missing character: There is no [ in font nullfont!
Missing character: There is no i in font nullfont!
Missing character: There is no n in font nullfont!
Missing character: There is no d in font nullfont!
Missing character: There is no e in font nullfont!
Missing character: There is no x in font nullfont!
Missing character: There is no 2 in font nullfont!
Missing character: There is no ] in font nullfont!
Missing character: There is no v in font nullfont!
Missing character: There is no a in font nullfont!
Missing character: There is no l in font nullfont!
Missing character: There is no u in font nullfont!
Missing character: There is no e in font nullfont!
Missing character: There is no s in font nullfont!
Missing character: There is no [ in font nullfont!
Missing character: There is no i in font nullfont!
Missing character: There is no n in font nullfont!
Missing character: There is no d in font nullfont!
Missing character: There is no e in font nullfont!
Missing character: There is no x in font nullfont!
Missing character: There is no 2 in font nullfont!
Missing character: There is no ] in font nullfont!
Missing character: There is no = in font nullfont!
Missing character: There is no t in font nullfont!
Missing character: There is no e in font nullfont!
Missing character: There is no m in font nullfont!
Missing character: There is no p in font nullfont!

Overfull \hbox (20.0pt too wide) in paragraph at lines 6--10
[]
 []


! LaTeX Error: Missing \begin{document}.

See the LaTeX manual or LaTeX Companion for explanation.
Type  H <return>  for immediate help.
 ...                                              
                                                  
l.12 d
      ef print_values(values):
You're in trouble here.  Try typing  <return>  to proceed.
If that doesn't work, type  X <return>  to quit.

Missing character: There is no d in font nullfont!
Missing character: There is no e in font nullfont!
Missing character: There is no f in font nullfont!
Missing character: There is no p in font nullfont!
Missing character: There is no r in font nullfont!
Missing character: There is no i in font nullfont!
Missing character: There is no n in font nullfont!
Missing character: There is no t in font nullfont!
! Missing $ inserted.
<inserted text> 
                $
l.12 def print_
               values(values):
I've inserted a begin-math/end-math symbol since I think
you left one out. Proceed, with fingers crossed.

! Missing $ inserted.
<inserted text> 
                $
l.18 
     
I've inserted a begin-math/end-math symbol since I think
you left one out. Proceed, with fingers crossed.


Overfull \hbox (20.0pt too wide) in paragraph at lines 12--18
[]
 []


Overfull \hbox (70.3601pt too wide) in paragraph at lines 12--18
[]\OML/cmm/m/it/10 alues\OT1/cmr/m/n/10 (\OML/cmm/m/it/10 values\OT1/cmr/m/n/10
 ) :
 []


Overfull \hbox (24.73843pt too wide) in paragraph at lines 12--18
\OML/cmm/m/it/10 out \OT1/cmr/m/n/10 =
 []


Overfull \hbox (138.61055pt too wide) in paragraph at lines 12--18
\OT1/cmr/m/n/10 "["\OML/cmm/m/it/10 foriinrange\OT1/cmr/m/n/10 (0\OML/cmm/m/it/
10 ; len\OT1/cmr/m/n/10 (\OML/cmm/m/it/10 values\OT1/cmr/m/n/10 ) \OMS/cmsy/m/n
/10 ^^@
 []


Overfull \hbox (14.44441pt too wide) in paragraph at lines 12--18
\OT1/cmr/m/n/10 1) :
 []


Overfull \hbox (32.51624pt too wide) in paragraph at lines 12--18
\OML/cmm/m/it/10 out\OT1/cmr/m/n/10 + =
 []


Overfull \hbox (66.3851pt too wide) in paragraph at lines 12--18
\OML/cmm/m/it/10 str\OT1/cmr/m/n/10 (\OML/cmm/m/it/10 values\OT1/cmr/m/n/10 [\O
ML/cmm/m/it/10 i\OT1/cmr/m/n/10 ]) +
 []


Overfull \hbox (46.96068pt too wide) in paragraph at lines 12--18
\OT1/cmr/m/n/10 "\OML/cmm/m/it/10 ; \OT1/cmr/m/n/10 "\OML/cmm/m/it/10 out\OT1/c
mr/m/n/10 + =
 []


Overfull \hbox (106.63109pt too wide) in paragraph at lines 12--18
\OML/cmm/m/it/10 str\OT1/cmr/m/n/10 (\OML/cmm/m/it/10 values\OT1/cmr/m/n/10 [\O
ML/cmm/m/it/10 len\OT1/cmr/m/n/10 (\OML/cmm/m/it/10 values\OT1/cmr/m/n/10 ) \OM
S/cmsy/m/n/10 ^^@
 []


Overfull \hbox (19.4445pt too wide) in paragraph at lines 12--18
\OT1/cmr/m/n/10 1]) +
 []


Overfull \hbox (57.61775pt too wide) in paragraph at lines 12--18
\OT1/cmr/m/n/10 "]"\OML/cmm/m/it/10 print\OT1/cmr/m/n/10 (\OML/cmm/m/it/10 out\
OT1/cmr/m/n/10 )$ 
 []


! LaTeX Error: Missing \begin{document}.

See the LaTeX manual or LaTeX Companion for explanation.
Type  H <return>  for immediate help.
 ...                                              
                                                  
l.19 d
      ef bubble_sort(values):
You're in trouble here.  Try typing  <return>  to proceed.
If that doesn't work, type  X <return>  to quit.

Missing character: There is no d in font nullfont!
Missing character: There is no e in font nullfont!
Missing character: There is no f in font nullfont!
Missing character: There is no b in font nullfont!
Missing character: There is no u in font nullfont!
Missing character: There is no b in font nullfont!
Missing character: There is no b in font nullfont!
Missing character: There is no l in font nullfont!
Missing character: There is no e in font nullfont!
! Missing $ inserted.
<inserted text> 
                $
l.19 def bubble_
                sort(values):
I've inserted a begin-math/end-math symbol since I think
you left one out. Proceed, with fingers crossed.

! You can't use `macro parameter character #' in math mode.
l.23   #
          for i in range(len(values)-1,0,-1):
Sorry, but I'm not programmed to handle this case;
I'll just pretend that you didn't ask for it.
If you're in the wrong mode, you might be able to
return to the right one by typing `I}' or `I$' or `I\par'.

! You can't use `macro parameter character #' in math mode.
l.31             #
                      num_comps+=1
Sorry, but I'm not programmed to handle this case;
I'll just pretend that you didn't ask for it.
If you're in the wrong mode, you might be able to
return to the right one by typing `I}' or `I$' or `I\par'.

! You can't use `macro parameter character #' in math mode.
l.32            #
                  if swapped ==  0 and j == i:
Sorry, but I'm not programmed to handle this case;
I'll just pretend that you didn't ask for it.
If you're in the wrong mode, you might be able to
return to the right one by typing `I}' or `I$' or `I\par'.

! You can't use `macro parameter character #' in math mode.
l.33                 #
                      break
Sorry, but I'm not programmed to handle this case;
I'll just pretend that you didn't ask for it.
If you're in the wrong mode, you might be able to
return to the right one by typing `I}' or `I$' or `I\par'.

! You can't use `macro parameter character #' in math mode.
l.34             #
                  num_comps+=1
Sorry, but I'm not programmed to handle this case;
I'll just pretend that you didn't ask for it.
If you're in the wrong mode, you might be able to
return to the right one by typing `I}' or `I$' or `I\par'.

! Missing $ inserted.
<inserted text> 
                $
l.38 
     
I've inserted a begin-math/end-math symbol since I think
you left one out. Proceed, with fingers crossed.


Overfull \hbox (20.0pt too wide) in paragraph at lines 19--38
[]
 []


Overfull \hbox (59.59615pt too wide) in paragraph at lines 19--38
[]\OML/cmm/m/it/10 ort\OT1/cmr/m/n/10 (\OML/cmm/m/it/10 values\OT1/cmr/m/n/10 )
 :
 []


Overfull \hbox (39.2079pt too wide) in paragraph at lines 19--38
\OML/cmm/m/it/10 list[]en \OT1/cmr/m/n/10 =
 []


Overfull \hbox (108.84024pt too wide) in paragraph at lines 19--38
\OML/cmm/m/it/10 len\OT1/cmr/m/n/10 (\OML/cmm/m/it/10 values\OT1/cmr/m/n/10 )\O
ML/cmm/m/it/10 num[]omps \OT1/cmr/m/n/10 =
 []


Overfull \hbox (52.8808pt too wide) in paragraph at lines 19--38
\OT1/cmr/m/n/10 0\OML/cmm/m/it/10 swapped \OT1/cmr/m/n/10 =
 []


Overfull \hbox (121.38832pt too wide) in paragraph at lines 19--38
\OT1/cmr/m/n/10 1\OML/cmm/m/it/10 foriinrange\OT1/cmr/m/n/10 (\OML/cmm/m/it/10 
len\OT1/cmr/m/n/10 (\OML/cmm/m/it/10 values\OT1/cmr/m/n/10 ) \OMS/cmsy/m/n/10 ^
^@
 []


Overfull \hbox (41.11107pt too wide) in paragraph at lines 19--38
\OT1/cmr/m/n/10 1\OML/cmm/m/it/10 ; \OT1/cmr/m/n/10 0\OML/cmm/m/it/10 ; \OMS/cm
sy/m/n/10 ^^@\OT1/cmr/m/n/10 1) :
 []


Overfull \hbox (75.13037pt too wide) in paragraph at lines 19--38
\OML/cmm/m/it/10 whileswapped\OT1/cmr/m/n/10 ! =
 []


Overfull \hbox (10.55551pt too wide) in paragraph at lines 19--38
\OT1/cmr/m/n/10 0 :
 []


Overfull \hbox (47.88078pt too wide) in paragraph at lines 19--38
\OML/cmm/m/it/10 swapped \OT1/cmr/m/n/10 =
 []


Overfull \hbox (112.03929pt too wide) in paragraph at lines 19--38
\OT1/cmr/m/n/10 0\OML/cmm/m/it/10 forjinrange\OT1/cmr/m/n/10 (1\OML/cmm/m/it/10
 ; list[]en\OT1/cmr/m/n/10 ) :
 []


Overfull \hbox (66.26024pt too wide) in paragraph at lines 19--38
\OML/cmm/m/it/10 num[]omps\OT1/cmr/m/n/10 + =
 []


Overfull \hbox (67.40492pt too wide) in paragraph at lines 19--38
\OT1/cmr/m/n/10 1\OML/cmm/m/it/10 ifvalues\OT1/cmr/m/n/10 [\OML/cmm/m/it/10 ji\
OT1/cmr/m/n/10 ] \OML/cmm/m/it/10 >
 []


Overfull \hbox (44.54237pt too wide) in paragraph at lines 19--38
\OML/cmm/m/it/10 values\OT1/cmr/m/n/10 [\OML/cmm/m/it/10 j\OT1/cmr/m/n/10 ] :
 []


Overfull \hbox (47.88078pt too wide) in paragraph at lines 19--38
\OML/cmm/m/it/10 swapped \OT1/cmr/m/n/10 =
 []


Overfull \hbox (85.55467pt too wide) in paragraph at lines 19--38
\OT1/cmr/m/n/10 1\OML/cmm/m/it/10 swap\OT1/cmr/m/n/10 (\OML/cmm/m/it/10 values;
 j; j \OT1/cmr/m/n/10 +
 []


Overfull \hbox (75.14915pt too wide) in paragraph at lines 19--38
\OT1/cmr/m/n/10 1)\OML/cmm/m/it/10 num[]omps\OT1/cmr/m/n/10 + =
 []


Overfull \hbox (70.07599pt too wide) in paragraph at lines 19--38
\OT1/cmr/m/n/10 1\OML/cmm/m/it/10 ifswapped \OT1/cmr/m/n/10 ==
 []


Overfull \hbox (43.40579pt too wide) in paragraph at lines 19--38
\OT1/cmr/m/n/10 0\OML/cmm/m/it/10 andj \OT1/cmr/m/n/10 ==
 []


Overfull \hbox (9.00063pt too wide) in paragraph at lines 19--38
\OML/cmm/m/it/10 i \OT1/cmr/m/n/10 :
 []


Overfull \hbox (90.80426pt too wide) in paragraph at lines 19--38
\OML/cmm/m/it/10 breaknum[]omps\OT1/cmr/m/n/10 + =
 []


Overfull \hbox (190.27353pt too wide) in paragraph at lines 19--38
\OT1/cmr/m/n/10 1\OML/cmm/m/it/10 print[]alues\OT1/cmr/m/n/10 (\OML/cmm/m/it/10
 values\OT1/cmr/m/n/10 )\OML/cmm/m/it/10 print\OT1/cmr/m/n/10 ("\OML/cmm/m/it/1
0 Comparisons \OT1/cmr/m/n/10 :
 []


Overfull \hbox (12.77782pt too wide) in paragraph at lines 19--38
\OT1/cmr/m/n/10 " +
 []


Overfull \hbox (183.94844pt too wide) in paragraph at lines 19--38
\OML/cmm/m/it/10 str\OT1/cmr/m/n/10 (\OML/cmm/m/it/10 num[]omps\OT1/cmr/m/n/10 
))\OML/cmm/m/it/10 print[]pprox\OT1/cmr/m/n/10 (\OML/cmm/m/it/10 len\OT1/cmr/m/
n/10 (\OML/cmm/m/it/10 values\OT1/cmr/m/n/10 ))$ 
 []


! LaTeX Error: Missing \begin{document}.

See the LaTeX manual or LaTeX Companion for explanation.
Type  H <return>  for immediate help.
 ...                                              
                                                  
l.39 d
      ef insert_sort(values):
You're in trouble here.  Try typing  <return>  to proceed.
If that doesn't work, type  X <return>  to quit.

Missing character: There is no d in font nullfont!
Missing character: There is no e in font nullfont!
Missing character: There is no f in font nullfont!
Missing character: There is no i in font nullfont!
Missing character: There is no n in font nullfont!
Missing character: There is no s in font nullfont!
Missing character: There is no e in font nullfont!
Missing character: There is no r in font nullfont!
Missing character: There is no t in font nullfont!
! Missing $ inserted.
<inserted text> 
                $
l.39 def insert_
                sort(values):
I've inserted a begin-math/end-math symbol since I think
you left one out. Proceed, with fingers crossed.

! You can't use `macro parameter character #' in math mode.
l.63         #
              merge_comp_count += 1
Sorry, but I'm not programmed to handle this case;
I'll just pretend that you didn't ask for it.
If you're in the wrong mode, you might be able to
return to the right one by typing `I}' or `I$' or `I\par'.

! Missing $ inserted.
<inserted text> 
                $
l.69 
     
I've inserted a begin-math/end-math symbol since I think
you left one out. Proceed, with fingers crossed.


Overfull \hbox (20.0pt too wide) in paragraph at lines 39--69
[]
 []


Overfull \hbox (59.59615pt too wide) in paragraph at lines 39--69
[]\OML/cmm/m/it/10 ort\OT1/cmr/m/n/10 (\OML/cmm/m/it/10 values\OT1/cmr/m/n/10 )
 :
 []


Overfull \hbox (58.48244pt too wide) in paragraph at lines 39--69
\OML/cmm/m/it/10 num[]omps \OT1/cmr/m/n/10 =
 []


Overfull \hbox (132.49934pt too wide) in paragraph at lines 39--69
\OT1/cmr/m/n/10 0\OML/cmm/m/it/10 foriinrange\OT1/cmr/m/n/10 (1\OML/cmm/m/it/10
 ; len\OT1/cmr/m/n/10 (\OML/cmm/m/it/10 values\OT1/cmr/m/n/10 )) :
 []


Overfull \hbox (15.246pt too wide) in paragraph at lines 39--69
\OML/cmm/m/it/10 j \OT1/cmr/m/n/10 =
 []


Overfull \hbox (43.16293pt too wide) in paragraph at lines 39--69
\OML/cmm/m/it/10 iwhilej >
 []


Overfull \hbox (65.48001pt too wide) in paragraph at lines 39--69
\OT1/cmr/m/n/10 0\OML/cmm/m/it/10 andvalues\OT1/cmr/m/n/10 [\OML/cmm/m/it/10 j 
\OMS/cmsy/m/n/10 ^^@
 []


Overfull \hbox (18.33331pt too wide) in paragraph at lines 39--69
\OT1/cmr/m/n/10 1] \OML/cmm/m/it/10 >
 []


Overfull \hbox (44.54237pt too wide) in paragraph at lines 39--69
\OML/cmm/m/it/10 values\OT1/cmr/m/n/10 [\OML/cmm/m/it/10 j\OT1/cmr/m/n/10 ] :
 []


Overfull \hbox (66.26024pt too wide) in paragraph at lines 39--69
\OML/cmm/m/it/10 num[]omps\OT1/cmr/m/n/10 + =
 []


Overfull \hbox (76.97533pt too wide) in paragraph at lines 39--69
\OT1/cmr/m/n/10 1\OML/cmm/m/it/10 swap\OT1/cmr/m/n/10 (\OML/cmm/m/it/10 values;
 j \OMS/cmsy/m/n/10 ^^@
 []


Overfull \hbox (41.04762pt too wide) in paragraph at lines 39--69
\OT1/cmr/m/n/10 1\OML/cmm/m/it/10 ; j\OT1/cmr/m/n/10 )\OML/cmm/m/it/10 j\OMS/cm
sy/m/n/10 ^^@ \OT1/cmr/m/n/10 =
 []


Overfull \hbox (29.6634pt too wide) in paragraph at lines 39--69
\OT1/cmr/m/n/10 1\OML/cmm/m/it/10 ifj >
 []


Overfull \hbox (10.55551pt too wide) in paragraph at lines 39--69
\OT1/cmr/m/n/10 0 :
 []


Overfull \hbox (66.26024pt too wide) in paragraph at lines 39--69
\OML/cmm/m/it/10 num[]omps\OT1/cmr/m/n/10 + =
 []


Overfull \hbox (190.27353pt too wide) in paragraph at lines 39--69
\OT1/cmr/m/n/10 1\OML/cmm/m/it/10 print[]alues\OT1/cmr/m/n/10 (\OML/cmm/m/it/10
 values\OT1/cmr/m/n/10 )\OML/cmm/m/it/10 print\OT1/cmr/m/n/10 ("\OML/cmm/m/it/1
0 Comparisons \OT1/cmr/m/n/10 :
 []


Overfull \hbox (12.77782pt too wide) in paragraph at lines 39--69
\OT1/cmr/m/n/10 " +
 []


Overfull \hbox (269.50583pt too wide) in paragraph at lines 39--69
\OML/cmm/m/it/10 str\OT1/cmr/m/n/10 (\OML/cmm/m/it/10 num[]omps\OT1/cmr/m/n/10 
))\OML/cmm/m/it/10 print[]pprox\OT1/cmr/m/n/10 (\OML/cmm/m/it/10 len\OT1/cmr/m/
n/10 (\OML/cmm/m/it/10 values\OT1/cmr/m/n/10 ))\OML/cmm/m/it/10 merge[]omp[]oun
t \OT1/cmr/m/n/10 =
 []


Overfull \hbox (87.19925pt too wide) in paragraph at lines 39--69
\OT1/cmr/m/n/10 0\OML/cmm/m/it/10 defmerge[]ort\OT1/cmr/m/n/10 (\OML/cmm/m/it/1
0 A\OT1/cmr/m/n/10 ) :
 []


Overfull \hbox (186.47365pt too wide) in paragraph at lines 39--69
\OML/cmm/m/it/10 globalmerge[]omp[]ountmerge[]omp[]ount \OT1/cmr/m/n/10 =
 []


Overfull \hbox (93.47475pt too wide) in paragraph at lines 39--69
\OT1/cmr/m/n/10 0\OML/cmm/m/it/10 m[]ort\OT1/cmr/m/n/10 (\OML/cmm/m/it/10 A; \O
T1/cmr/m/n/10 0\OML/cmm/m/it/10 ; len\OT1/cmr/m/n/10 (\OML/cmm/m/it/10 A\OT1/cm
r/m/n/10 ) \OMS/cmsy/m/n/10 ^^@
 []


Overfull \hbox (177.36604pt too wide) in paragraph at lines 39--69
\OT1/cmr/m/n/10 1); \OML/cmm/m/it/10 print[]alues\OT1/cmr/m/n/10 (\OML/cmm/m/it
/10 A\OT1/cmr/m/n/10 )\OML/cmm/m/it/10 print\OT1/cmr/m/n/10 ("\OML/cmm/m/it/10 
Comparisons \OT1/cmr/m/n/10 :
 []


Overfull \hbox (12.77782pt too wide) in paragraph at lines 39--69
\OT1/cmr/m/n/10 " +
 []


Overfull \hbox (299.58824pt too wide) in paragraph at lines 39--69
\OML/cmm/m/it/10 str\OT1/cmr/m/n/10 (\OML/cmm/m/it/10 merge[]omp[]ount\OT1/cmr/
m/n/10 ))\OML/cmm/m/it/10 print[]pprox\OT1/cmr/m/n/10 (\OML/cmm/m/it/10 len\OT1
/cmr/m/n/10 (\OML/cmm/m/it/10 A\OT1/cmr/m/n/10 ))\OML/cmm/m/it/10 defm[]ort\OT1
/cmr/m/n/10 (\OML/cmm/m/it/10 a; start; stop\OT1/cmr/m/n/10 ) :
 []


Overfull \hbox (150.65195pt too wide) in paragraph at lines 39--69
\OML/cmm/m/it/10 globalmerge[]omp[]ountifstart >\OT1/cmr/m/n/10 =
 []


Overfull \hbox (23.73259pt too wide) in paragraph at lines 39--69
\OML/cmm/m/it/10 stop \OT1/cmr/m/n/10 :
 []


Overfull \hbox (93.33519pt too wide) in paragraph at lines 39--69
\OML/cmm/m/it/10 merge[]omp[]ount\OT1/cmr/m/n/10 + =
 []


Overfull \hbox (75.6004pt too wide) in paragraph at lines 39--69
\OT1/cmr/m/n/10 1\OML/cmm/m/it/10 returnmiddle \OT1/cmr/m/n/10 =
 []


Overfull \hbox (29.76279pt too wide) in paragraph at lines 39--69
\OML/cmm/m/it/10 start \OT1/cmr/m/n/10 +
 []


Overfull \hbox (100.53336pt too wide) in paragraph at lines 39--69
\OML/cmm/m/it/10 int\OT1/cmr/m/n/10 (\OML/cmm/m/it/10 math:floor\OT1/cmr/m/n/10
 ((\OML/cmm/m/it/10 stop \OMS/cmsy/m/n/10 ^^@
 []


Overfull \hbox (222.53423pt too wide) in paragraph at lines 39--69
\OML/cmm/m/it/10 start\OT1/cmr/m/n/10 )\OML/cmm/m/it/10 =\OT1/cmr/m/n/10 2))\OM
L/cmm/m/it/10 m[]ort\OT1/cmr/m/n/10 (\OML/cmm/m/it/10 a; start; middle\OT1/cmr/
m/n/10 )\OML/cmm/m/it/10 m[]ort\OT1/cmr/m/n/10 (\OML/cmm/m/it/10 a; middle \OT1
/cmr/m/n/10 +
 []


Overfull \hbox (156.55176pt too wide) in paragraph at lines 39--69
\OT1/cmr/m/n/10 1\OML/cmm/m/it/10 ; stop\OT1/cmr/m/n/10 )\OML/cmm/m/it/10 merge
\OT1/cmr/m/n/10 (\OML/cmm/m/it/10 a; start; middle; stop\OT1/cmr/m/n/10 )$ 
 []


! LaTeX Error: Missing \begin{document}.

See the LaTeX manual or LaTeX Companion for explanation.
Type  H <return>  for immediate help.
 ...                                              
                                                  
l.70 d
      ef merge(A,start,middle,stop):
You're in trouble here.  Try typing  <return>  to proceed.
If that doesn't work, type  X <return>  to quit.

Missing character: There is no d in font nullfont!
Missing character: There is no e in font nullfont!
Missing character: There is no f in font nullfont!
Missing character: There is no m in font nullfont!
Missing character: There is no e in font nullfont!
Missing character: There is no r in font nullfont!
Missing character: There is no g in font nullfont!
Missing character: There is no e in font nullfont!
Missing character: There is no ( in font nullfont!
Missing character: There is no A in font nullfont!
Missing character: There is no , in font nullfont!
Missing character: There is no s in font nullfont!
Missing character: There is no t in font nullfont!
Missing character: There is no a in font nullfont!
Missing character: There is no r in font nullfont!
Missing character: There is no t in font nullfont!
Missing character: There is no , in font nullfont!
Missing character: There is no m in font nullfont!
Missing character: There is no i in font nullfont!
Missing character: There is no d in font nullfont!
Missing character: There is no d in font nullfont!
Missing character: There is no l in font nullfont!
Missing character: There is no e in font nullfont!
Missing character: There is no , in font nullfont!
Missing character: There is no s in font nullfont!
Missing character: There is no t in font nullfont!
Missing character: There is no o in font nullfont!
Missing character: There is no p in font nullfont!
Missing character: There is no ) in font nullfont!
Missing character: There is no : in font nullfont!
Missing character: There is no g in font nullfont!
Missing character: There is no l in font nullfont!
Missing character: There is no o in font nullfont!
Missing character: There is no b in font nullfont!
Missing character: There is no a in font nullfont!
Missing character: There is no l in font nullfont!
Missing character: There is no m in font nullfont!
Missing character: There is no e in font nullfont!
Missing character: There is no r in font nullfont!
Missing character: There is no g in font nullfont!
Missing character: There is no e in font nullfont!
! Missing $ inserted.
<inserted text> 
                $
l.71     global merge_
                      comp_count
I've inserted a begin-math/end-math symbol since I think
you left one out. Proceed, with fingers crossed.

! You can't use `macro parameter character #' in math mode.
l.79             #
                  merge_comp_count+=1
Sorry, but I'm not programmed to handle this case;
I'll just pretend that you didn't ask for it.
If you're in the wrong mode, you might be able to
return to the right one by typing `I}' or `I$' or `I\par'.

! You can't use `macro parameter character #' in math mode.
l.83             #
                  merge_comp_count+=2
Sorry, but I'm not programmed to handle this case;
I'll just pretend that you didn't ask for it.
If you're in the wrong mode, you might be able to
return to the right one by typing `I}' or `I$' or `I\par'.

! Missing $ inserted.
<inserted text> 
                $
l.93 
     
I've inserted a begin-math/end-math symbol since I think
you left one out. Proceed, with fingers crossed.


Overfull \hbox (20.0pt too wide) in paragraph at lines 70--93
[]
 []


Overfull \hbox (60.99202pt too wide) in paragraph at lines 70--93
[]\OML/cmm/m/it/10 omp[]ounti \OT1/cmr/m/n/10 =
 []


Overfull \hbox (37.23099pt too wide) in paragraph at lines 70--93
\OML/cmm/m/it/10 startj \OT1/cmr/m/n/10 =
 []


Overfull \hbox (38.24963pt too wide) in paragraph at lines 70--93
\OML/cmm/m/it/10 middle \OT1/cmr/m/n/10 +
 []


Overfull \hbox (34.49539pt too wide) in paragraph at lines 70--93
\OT1/cmr/m/n/10 1\OML/cmm/m/it/10 Aux \OT1/cmr/m/n/10 =
 []


Overfull \hbox (13.05559pt too wide) in paragraph at lines 70--93
\OML/cmm/m/it/10 A\OT1/cmr/m/n/10 [:
 []


Overfull \hbox (115.4905pt too wide) in paragraph at lines 70--93
\OT1/cmr/m/n/10 ]\OML/cmm/m/it/10 forkinrange\OT1/cmr/m/n/10 (\OML/cmm/m/it/10 
start; stop \OT1/cmr/m/n/10 +
 []


Overfull \hbox (14.44441pt too wide) in paragraph at lines 70--93
\OT1/cmr/m/n/10 1) :
 []


Overfull \hbox (23.41803pt too wide) in paragraph at lines 70--93
\OML/cmm/m/it/10 ifi >
 []


Overfull \hbox (36.02733pt too wide) in paragraph at lines 70--93
\OML/cmm/m/it/10 middle \OT1/cmr/m/n/10 :
 []


Overfull \hbox (29.13194pt too wide) in paragraph at lines 70--93
\OML/cmm/m/it/10 A\OT1/cmr/m/n/10 [\OML/cmm/m/it/10 k\OT1/cmr/m/n/10 ] =
 []


Overfull \hbox (52.20973pt too wide) in paragraph at lines 70--93
\OML/cmm/m/it/10 Aux\OT1/cmr/m/n/10 [\OML/cmm/m/it/10 j\OT1/cmr/m/n/10 ]\OML/cm
m/m/it/10 j\OT1/cmr/m/n/10 + =
 []


Overfull \hbox (98.3352pt too wide) in paragraph at lines 70--93
\OT1/cmr/m/n/10 1\OML/cmm/m/it/10 merge[]omp[]ount\OT1/cmr/m/n/10 + =
 []


Overfull \hbox (37.50024pt too wide) in paragraph at lines 70--93
\OT1/cmr/m/n/10 1\OML/cmm/m/it/10 elifj >
 []


Overfull \hbox (23.73259pt too wide) in paragraph at lines 70--93
\OML/cmm/m/it/10 stop \OT1/cmr/m/n/10 :
 []


Overfull \hbox (29.13194pt too wide) in paragraph at lines 70--93
\OML/cmm/m/it/10 A\OT1/cmr/m/n/10 [\OML/cmm/m/it/10 k\OT1/cmr/m/n/10 ] =
 []


Overfull \hbox (49.71901pt too wide) in paragraph at lines 70--93
\OML/cmm/m/it/10 Aux\OT1/cmr/m/n/10 [\OML/cmm/m/it/10 i\OT1/cmr/m/n/10 ]\OML/cm
m/m/it/10 i\OT1/cmr/m/n/10 + =
 []


Overfull \hbox (98.3352pt too wide) in paragraph at lines 70--93
\OT1/cmr/m/n/10 1\OML/cmm/m/it/10 merge[]omp[]ount\OT1/cmr/m/n/10 + =
 []


Overfull \hbox (61.99568pt too wide) in paragraph at lines 70--93
\OT1/cmr/m/n/10 2\OML/cmm/m/it/10 elifAux\OT1/cmr/m/n/10 [\OML/cmm/m/it/10 j\OT
1/cmr/m/n/10 ] \OML/cmm/m/it/10 >
 []


Overfull \hbox (33.49606pt too wide) in paragraph at lines 70--93
\OML/cmm/m/it/10 Aux\OT1/cmr/m/n/10 [\OML/cmm/m/it/10 i\OT1/cmr/m/n/10 ] :
 []


Overfull \hbox (29.13194pt too wide) in paragraph at lines 70--93
\OML/cmm/m/it/10 A\OT1/cmr/m/n/10 [\OML/cmm/m/it/10 k\OT1/cmr/m/n/10 ] =
 []


Overfull \hbox (49.71901pt too wide) in paragraph at lines 70--93
\OML/cmm/m/it/10 Aux\OT1/cmr/m/n/10 [\OML/cmm/m/it/10 i\OT1/cmr/m/n/10 ]\OML/cm
m/m/it/10 i\OT1/cmr/m/n/10 + =
 []


Overfull \hbox (98.3352pt too wide) in paragraph at lines 70--93
\OT1/cmr/m/n/10 1\OML/cmm/m/it/10 merge[]omp[]ount\OT1/cmr/m/n/10 + =
 []


Overfull \hbox (27.73611pt too wide) in paragraph at lines 70--93
\OT1/cmr/m/n/10 1\OML/cmm/m/it/10 else \OT1/cmr/m/n/10 :
 []


Overfull \hbox (29.13194pt too wide) in paragraph at lines 70--93
\OML/cmm/m/it/10 A\OT1/cmr/m/n/10 [\OML/cmm/m/it/10 k\OT1/cmr/m/n/10 ] =
 []


Overfull \hbox (52.20973pt too wide) in paragraph at lines 70--93
\OML/cmm/m/it/10 Aux\OT1/cmr/m/n/10 [\OML/cmm/m/it/10 j\OT1/cmr/m/n/10 ]\OML/cm
m/m/it/10 j\OT1/cmr/m/n/10 + =
 []


Overfull \hbox (98.3352pt too wide) in paragraph at lines 70--93
\OT1/cmr/m/n/10 1\OML/cmm/m/it/10 merge[]omp[]ount\OT1/cmr/m/n/10 + =
 []


Overfull \hbox (86.44965pt too wide) in paragraph at lines 70--93
\OT1/cmr/m/n/10 1\OML/cmm/m/it/10 quick[]um[]omps \OT1/cmr/m/n/10 =
 []


Overfull \hbox (5.00002pt too wide) in paragraph at lines 70--93
\OT1/cmr/m/n/10 0$ 
 []


! LaTeX Error: Missing \begin{document}.

See the LaTeX manual or LaTeX Companion for explanation.
Type  H <return>  for immediate help.
 ...                                              
                                                  
l.94 d
      ef quick_sort(A):
You're in trouble here.  Try typing  <return>  to proceed.
If that doesn't work, type  X <return>  to quit.

Missing character: There is no d in font nullfont!
Missing character: There is no e in font nullfont!
Missing character: There is no f in font nullfont!
Missing character: There is no q in font nullfont!
Missing character: There is no u in font nullfont!
Missing character: There is no i in font nullfont!
Missing character: There is no c in font nullfont!
Missing character: There is no k in font nullfont!
! Missing $ inserted.
<inserted text> 
                $
l.94 def quick_
               sort(A):
I've inserted a begin-math/end-math symbol since I think
you left one out. Proceed, with fingers crossed.

! Missing $ inserted.
<inserted text> 
                $
l.107 
      
I've inserted a begin-math/end-math symbol since I think
you left one out. Proceed, with fingers crossed.


Overfull \hbox (20.0pt too wide) in paragraph at lines 94--107
[]
 []


Overfull \hbox (38.35535pt too wide) in paragraph at lines 94--107
[]\OML/cmm/m/it/10 ort\OT1/cmr/m/n/10 (\OML/cmm/m/it/10 A\OT1/cmr/m/n/10 ) :
 []


Overfull \hbox (178.25813pt too wide) in paragraph at lines 94--107
\OML/cmm/m/it/10 globalquick[]um[]ompsquick[]um[]omps \OT1/cmr/m/n/10 =
 []


Overfull \hbox (89.9307pt too wide) in paragraph at lines 94--107
\OT1/cmr/m/n/10 0\OML/cmm/m/it/10 qsort\OT1/cmr/m/n/10 (\OML/cmm/m/it/10 A; \OT
1/cmr/m/n/10 0\OML/cmm/m/it/10 ; len\OT1/cmr/m/n/10 (\OML/cmm/m/it/10 A\OT1/cmr
/m/n/10 ) \OMS/cmsy/m/n/10 ^^@
 []


Overfull \hbox (172.92163pt too wide) in paragraph at lines 94--107
\OT1/cmr/m/n/10 1)\OML/cmm/m/it/10 print[]alues\OT1/cmr/m/n/10 (\OML/cmm/m/it/1
0 A\OT1/cmr/m/n/10 )\OML/cmm/m/it/10 print\OT1/cmr/m/n/10 ("\OML/cmm/m/it/10 Co
mparisons \OT1/cmr/m/n/10 :
 []


Overfull \hbox (12.77782pt too wide) in paragraph at lines 94--107
\OT1/cmr/m/n/10 " +
 []


Overfull \hbox (294.15056pt too wide) in paragraph at lines 94--107
\OML/cmm/m/it/10 str\OT1/cmr/m/n/10 (\OML/cmm/m/it/10 quick[]um[]omps\OT1/cmr/m
/n/10 ))\OML/cmm/m/it/10 print[]pprox\OT1/cmr/m/n/10 (\OML/cmm/m/it/10 len\OT1/
cmr/m/n/10 (\OML/cmm/m/it/10 A\OT1/cmr/m/n/10 ))\OML/cmm/m/it/10 defqsort\OT1/c
mr/m/n/10 (\OML/cmm/m/it/10 A; start; stop\OT1/cmr/m/n/10 ) :
 []


Overfull \hbox (138.76639pt too wide) in paragraph at lines 94--107
\OML/cmm/m/it/10 globalquick[]um[]ompsifstart <
 []


Overfull \hbox (23.73259pt too wide) in paragraph at lines 94--107
\OML/cmm/m/it/10 stop \OT1/cmr/m/n/10 :
 []


Overfull \hbox (15.58676pt too wide) in paragraph at lines 94--107
\OML/cmm/m/it/10 p \OT1/cmr/m/n/10 =
 []


Overfull \hbox (182.22719pt too wide) in paragraph at lines 94--107
\OML/cmm/m/it/10 partition\OT1/cmr/m/n/10 (\OML/cmm/m/it/10 A; start; stop\OT1/
cmr/m/n/10 )\OML/cmm/m/it/10 qsort\OT1/cmr/m/n/10 (\OML/cmm/m/it/10 A; start; p
 \OMS/cmsy/m/n/10 ^^@
 []


Overfull \hbox (60.28941pt too wide) in paragraph at lines 94--107
\OT1/cmr/m/n/10 1)\OML/cmm/m/it/10 qsort\OT1/cmr/m/n/10 (\OML/cmm/m/it/10 A; p 
\OT1/cmr/m/n/10 +
 []


Overfull \hbox (31.51042pt too wide) in paragraph at lines 94--107
\OT1/cmr/m/n/10 1\OML/cmm/m/it/10 ; stop\OT1/cmr/m/n/10 )$ 
 []


! LaTeX Error: Missing \begin{document}.

See the LaTeX manual or LaTeX Companion for explanation.
Type  H <return>  for immediate help.
 ...                                              
                                                  
l.108 d
       ef partition(A,start,stop):
You're in trouble here.  Try typing  <return>  to proceed.
If that doesn't work, type  X <return>  to quit.

Missing character: There is no d in font nullfont!
Missing character: There is no e in font nullfont!
Missing character: There is no f in font nullfont!
Missing character: There is no p in font nullfont!
Missing character: There is no a in font nullfont!
Missing character: There is no r in font nullfont!
Missing character: There is no t in font nullfont!
Missing character: There is no i in font nullfont!
Missing character: There is no t in font nullfont!
Missing character: There is no i in font nullfont!
Missing character: There is no o in font nullfont!
Missing character: There is no n in font nullfont!
Missing character: There is no ( in font nullfont!
Missing character: There is no A in font nullfont!
Missing character: There is no , in font nullfont!
Missing character: There is no s in font nullfont!
Missing character: There is no t in font nullfont!
Missing character: There is no a in font nullfont!
Missing character: There is no r in font nullfont!
Missing character: There is no t in font nullfont!
Missing character: There is no , in font nullfont!
Missing character: There is no s in font nullfont!
Missing character: There is no t in font nullfont!
Missing character: There is no o in font nullfont!
Missing character: There is no p in font nullfont!
Missing character: There is no ) in font nullfont!
Missing character: There is no : in font nullfont!
Missing character: There is no g in font nullfont!
Missing character: There is no l in font nullfont!
Missing character: There is no o in font nullfont!
Missing character: There is no b in font nullfont!
Missing character: There is no a in font nullfont!
Missing character: There is no l in font nullfont!
Missing character: There is no q in font nullfont!
Missing character: There is no u in font nullfont!
Missing character: There is no i in font nullfont!
Missing character: There is no c in font nullfont!
Missing character: There is no k in font nullfont!
! Missing $ inserted.
<inserted text> 
                $
l.109     global quick_
                       num_comps
I've inserted a begin-math/end-math symbol since I think
you left one out. Proceed, with fingers crossed.

! Missing $ inserted.
<inserted text> 
                $
l.117 
      
I've inserted a begin-math/end-math symbol since I think
you left one out. Proceed, with fingers crossed.


Overfull \hbox (20.0pt too wide) in paragraph at lines 108--117
[]
 []


Overfull \hbox (80.06415pt too wide) in paragraph at lines 108--117
[]\OML/cmm/m/it/10 um[]ompspivot \OT1/cmr/m/n/10 =
 []


Overfull \hbox (45.23332pt too wide) in paragraph at lines 108--117
\OML/cmm/m/it/10 A\OT1/cmr/m/n/10 [\OML/cmm/m/it/10 stop\OT1/cmr/m/n/10 ]\OML/c
mm/m/it/10 i \OT1/cmr/m/n/10 =
 []


Overfull \hbox (135.53394pt too wide) in paragraph at lines 108--117
\OML/cmm/m/it/10 startforjinrange\OT1/cmr/m/n/10 (\OML/cmm/m/it/10 start; stop\
OT1/cmr/m/n/10 ) :
 []


Overfull \hbox (56.06857pt too wide) in paragraph at lines 108--117
\OML/cmm/m/it/10 ifnot\OT1/cmr/m/n/10 (\OML/cmm/m/it/10 A\OT1/cmr/m/n/10 [\OML/
cmm/m/it/10 j\OT1/cmr/m/n/10 ] \OML/cmm/m/it/10 >
 []


Overfull \hbox (31.58513pt too wide) in paragraph at lines 108--117
\OML/cmm/m/it/10 pivot\OT1/cmr/m/n/10 ) :
 []


Overfull \hbox (76.5136pt too wide) in paragraph at lines 108--117
\OML/cmm/m/it/10 swap\OT1/cmr/m/n/10 (\OML/cmm/m/it/10 A; i; j\OT1/cmr/m/n/10 )
\OML/cmm/m/it/10 i\OT1/cmr/m/n/10 + =
 []


Overfull \hbox (94.22745pt too wide) in paragraph at lines 108--117
\OT1/cmr/m/n/10 1\OML/cmm/m/it/10 quick[]um[]omps\OT1/cmr/m/n/10 + =
 []


Overfull \hbox (5.00002pt too wide) in paragraph at lines 108--117
\OT1/cmr/m/n/10 1$ 
 []


! LaTeX Error: The font size command \normalsize is not defined:
               there is probably something wrong with the class file.

See the LaTeX manual or LaTeX Companion for explanation.
Type  H <return>  for immediate help.
 ...                                              
                                                  
l.117 
      
Your command was ignored.
Type  I <command> <return>  to replace it with another command,
or  <return>  to continue without it.

 [1{/var/lib/texmf/fonts/map/pdftex/updmap/pdftex.map}]

! LaTeX Error: Missing \begin{document}.

See the LaTeX manual or LaTeX Companion for explanation.
Type  H <return>  for immediate help.
 ...                                              
                                                  
l.118     s
           wap(A,i,stop)
You're in trouble here.  Try typing  <return>  to proceed.
If that doesn't work, type  X <return>  to quit.

Missing character: There is no s in font nullfont!
Missing character: There is no w in font nullfont!
Missing character: There is no a in font nullfont!
Missing character: There is no p in font nullfont!
Missing character: There is no ( in font nullfont!
Missing character: There is no A in font nullfont!
Missing character: There is no , in font nullfont!
Missing character: There is no i in font nullfont!
Missing character: There is no , in font nullfont!
Missing character: There is no s in font nullfont!
Missing character: There is no t in font nullfont!
Missing character: There is no o in font nullfont!
Missing character: There is no p in font nullfont!
Missing character: There is no ) in font nullfont!
Missing character: There is no r in font nullfont!
Missing character: There is no e in font nullfont!
Missing character: There is no t in font nullfont!
Missing character: There is no u in font nullfont!
Missing character: There is no r in font nullfont!
Missing character: There is no n in font nullfont!
Missing character: There is no i in font nullfont!

Overfull \hbox (20.0pt too wide) in paragraph at lines 118--120
[]
 []


! LaTeX Error: Missing \begin{document}.

See the LaTeX manual or LaTeX Companion for explanation.
Type  H <return>  for immediate help.
 ...                                              
                                                  
l.121 d
       ef printHelp():
You're in trouble here.  Try typing  <return>  to proceed.
If that doesn't work, type  X <return>  to quit.

Missing character: There is no d in font nullfont!
Missing character: There is no e in font nullfont!
Missing character: There is no f in font nullfont!
Missing character: There is no p in font nullfont!
Missing character: There is no r in font nullfont!
Missing character: There is no i in font nullfont!
Missing character: There is no n in font nullfont!
Missing character: There is no t in font nullfont!
Missing character: There is no H in font nullfont!
Missing character: There is no e in font nullfont!
Missing character: There is no l in font nullfont!
Missing character: There is no p in font nullfont!
Missing character: There is no ( in font nullfont!
Missing character: There is no ) in font nullfont!
Missing character: There is no : in font nullfont!
Missing character: There is no p in font nullfont!
Missing character: There is no r in font nullfont!
Missing character: There is no i in font nullfont!
Missing character: There is no n in font nullfont!
Missing character: There is no t in font nullfont!
Missing character: There is no ( in font nullfont!
Missing character: There is no " in font nullfont!
Missing character: There is no C in font nullfont!
Missing character: There is no o in font nullfont!
Missing character: There is no m in font nullfont!
Missing character: There is no m in font nullfont!
Missing character: There is no a in font nullfont!
Missing character: There is no n in font nullfont!
Missing character: There is no d in font nullfont!
Missing character: There is no s in font nullfont!
Missing character: There is no : in font nullfont!
! Undefined control sequence.
l.122     print("Commands:\nhelp
                                 - Prints this menu\nexit or CTRL-D - Exits ...
The control sequence at the end of the top line
of your error message was never \def'ed. If you have
misspelled it (e.g., `\hobx'), type `I' and the correct
spelling (e.g., `I\hbox'). Otherwise just continue,
and I'll forget about whatever was undefined.

Missing character: There is no - in font nullfont!
Missing character: There is no P in font nullfont!
Missing character: There is no r in font nullfont!
Missing character: There is no i in font nullfont!
Missing character: There is no n in font nullfont!
Missing character: There is no t in font nullfont!
Missing character: There is no s in font nullfont!
Missing character: There is no t in font nullfont!
Missing character: There is no h in font nullfont!
Missing character: There is no i in font nullfont!
Missing character: There is no s in font nullfont!
Missing character: There is no m in font nullfont!
Missing character: There is no e in font nullfont!
Missing character: There is no n in font nullfont!
Missing character: There is no u in font nullfont!
! Undefined control sequence.
l.122 ..."Commands:\nhelp - Prints this menu\nexit
                                                   or CTRL-D - Exits the pro...
The control sequence at the end of the top line
of your error message was never \def'ed. If you have
misspelled it (e.g., `\hobx'), type `I' and the correct
spelling (e.g., `I\hbox'). Otherwise just continue,
and I'll forget about whatever was undefined.

Missing character: There is no o in font nullfont!
Missing character: There is no r in font nullfont!
Missing character: There is no C in font nullfont!
Missing character: There is no T in font nullfont!
Missing character: There is no R in font nullfont!
Missing character: There is no L in font nullfont!
Missing character: There is no - in font nullfont!
Missing character: There is no D in font nullfont!
Missing character: There is no - in font nullfont!
Missing character: There is no E in font nullfont!
Missing character: There is no x in font nullfont!
Missing character: There is no i in font nullfont!
Missing character: There is no t in font nullfont!
Missing character: There is no s in font nullfont!
Missing character: There is no t in font nullfont!
Missing character: There is no h in font nullfont!
Missing character: There is no e in font nullfont!
Missing character: There is no p in font nullfont!
Missing character: There is no r in font nullfont!
Missing character: There is no o in font nullfont!
Missing character: There is no g in font nullfont!
Missing character: There is no r in font nullfont!
Missing character: There is no a in font nullfont!
Missing character: There is no m in font nullfont!
! Undefined control sequence.
l.122 ...nexit or CTRL-D - Exits the program\nsort
                                                  _method int_list - Enter a...
The control sequence at the end of the top line
of your error message was never \def'ed. If you have
misspelled it (e.g., `\hobx'), type `I' and the correct
spelling (e.g., `I\hbox'). Otherwise just continue,
and I'll forget about whatever was undefined.

! Missing $ inserted.
<inserted text> 
                $
l.122 ...exit or CTRL-D - Exits the program\nsort_
                                                  method int_list - Enter a ...
I've inserted a begin-math/end-math symbol since I think
you left one out. Proceed, with fingers crossed.

! Undefined control sequence.
l.122 ... sperated integers to sort them\nPossible
                                                   Sort Methods: bubblesort ...
The control sequence at the end of the top line
of your error message was never \def'ed. If you have
misspelled it (e.g., `\hobx'), type `I' and the correct
spelling (e.g., `I\hbox'). Otherwise just continue,
and I'll forget about whatever was undefined.

! Missing $ inserted.
<inserted text> 
                $
l.123 
      
I've inserted a begin-math/end-math symbol since I think
you left one out. Proceed, with fingers crossed.


Overfull \hbox (20.0pt too wide) in paragraph at lines 121--123
[]
 []


Overfull \hbox (67.32677pt too wide) in paragraph at lines 121--123
[]\OML/cmm/m/it/10 ethodint[]ist \OMS/cmsy/m/n/10 ^^@
 []


Overfull \hbox (374.49504pt too wide) in paragraph at lines 121--123
\OML/cmm/m/it/10 Enterasortmethodfollowedbyalistofspacesperatedintegerstosortth
emSortMethods \OT1/cmr/m/n/10 :
 []


Overfull \hbox (182.46889pt too wide) in paragraph at lines 121--123
\OML/cmm/m/it/10 bubblesortinsertionmergesortquicksort\OT1/cmr/m/n/10 ")$ 
 []


! LaTeX Error: Missing \begin{document}.

See the LaTeX manual or LaTeX Companion for explanation.
Type  H <return>  for immediate help.
 ...                                              
                                                  
l.124 p
       rint("Welcome to the sorting thunderdome\nThis program is used to com...

You're in trouble here.  Try typing  <return>  to proceed.
If that doesn't work, type  X <return>  to quit.

Missing character: There is no p in font nullfont!
Missing character: There is no r in font nullfont!
Missing character: There is no i in font nullfont!
Missing character: There is no n in font nullfont!
Missing character: There is no t in font nullfont!
Missing character: There is no ( in font nullfont!
Missing character: There is no " in font nullfont!
Missing character: There is no W in font nullfont!
Missing character: There is no e in font nullfont!
Missing character: There is no l in font nullfont!
Missing character: There is no c in font nullfont!
Missing character: There is no o in font nullfont!
Missing character: There is no m in font nullfont!
Missing character: There is no e in font nullfont!
Missing character: There is no t in font nullfont!
Missing character: There is no o in font nullfont!
Missing character: There is no t in font nullfont!
Missing character: There is no h in font nullfont!
Missing character: There is no e in font nullfont!
Missing character: There is no s in font nullfont!
Missing character: There is no o in font nullfont!
Missing character: There is no r in font nullfont!
Missing character: There is no t in font nullfont!
Missing character: There is no i in font nullfont!
Missing character: There is no n in font nullfont!
Missing character: There is no g in font nullfont!
Missing character: There is no t in font nullfont!
Missing character: There is no h in font nullfont!
Missing character: There is no u in font nullfont!
Missing character: There is no n in font nullfont!
Missing character: There is no d in font nullfont!
Missing character: There is no e in font nullfont!
Missing character: There is no r in font nullfont!
Missing character: There is no d in font nullfont!
Missing character: There is no o in font nullfont!
Missing character: There is no m in font nullfont!
Missing character: There is no e in font nullfont!
! Undefined control sequence.
l.124 ..."Welcome to the sorting thunderdome\nThis
                                                   program is used to compar...
The control sequence at the end of the top line
of your error message was never \def'ed. If you have
misspelled it (e.g., `\hobx'), type `I' and the correct
spelling (e.g., `I\hbox'). Otherwise just continue,
and I'll forget about whatever was undefined.

Missing character: There is no p in font nullfont!
Missing character: There is no r in font nullfont!
Missing character: There is no o in font nullfont!
Missing character: There is no g in font nullfont!
Missing character: There is no r in font nullfont!
Missing character: There is no a in font nullfont!
Missing character: There is no m in font nullfont!
Missing character: There is no i in font nullfont!
Missing character: There is no s in font nullfont!
Missing character: There is no u in font nullfont!
Missing character: There is no s in font nullfont!
Missing character: There is no e in font nullfont!
Missing character: There is no d in font nullfont!
Missing character: There is no t in font nullfont!
Missing character: There is no o in font nullfont!
Missing character: There is no c in font nullfont!
Missing character: There is no o in font nullfont!
Missing character: There is no m in font nullfont!
Missing character: There is no p in font nullfont!
Missing character: There is no a in font nullfont!
Missing character: There is no r in font nullfont!
Missing character: There is no e in font nullfont!
Missing character: There is no s in font nullfont!
Missing character: There is no o in font nullfont!
Missing character: There is no r in font nullfont!
Missing character: There is no t in font nullfont!
Missing character: There is no i in font nullfont!
Missing character: There is no n in font nullfont!
Missing character: There is no g in font nullfont!
Missing character: There is no m in font nullfont!
Missing character: There is no e in font nullfont!
Missing character: There is no t in font nullfont!
Missing character: There is no h in font nullfont!
Missing character: There is no o in font nullfont!
Missing character: There is no d in font nullfont!
Missing character: There is no s in font nullfont!
Missing character: There is no " in font nullfont!
Missing character: There is no ) in font nullfont!

Overfull \hbox (20.0pt too wide) in paragraph at lines 124--125
[]
 []


! LaTeX Error: Missing \begin{document}.

See the LaTeX manual or LaTeX Companion for explanation.
Type  H <return>  for immediate help.
 ...                                              
                                                  
l.126 p
       rintHelp()
You're in trouble here.  Try typing  <return>  to proceed.
If that doesn't work, type  X <return>  to quit.

Missing character: There is no p in font nullfont!
Missing character: There is no r in font nullfont!
Missing character: There is no i in font nullfont!
Missing character: There is no n in font nullfont!
Missing character: There is no t in font nullfont!
Missing character: There is no H in font nullfont!
Missing character: There is no e in font nullfont!
Missing character: There is no l in font nullfont!
Missing character: There is no p in font nullfont!
Missing character: There is no ( in font nullfont!
Missing character: There is no ) in font nullfont!
Missing character: There is no w in font nullfont!
Missing character: There is no h in font nullfont!
Missing character: There is no i in font nullfont!
Missing character: There is no l in font nullfont!
Missing character: There is no e in font nullfont!
Missing character: There is no T in font nullfont!
Missing character: There is no r in font nullfont!
Missing character: There is no u in font nullfont!
Missing character: There is no e in font nullfont!
Missing character: There is no : in font nullfont!
Missing character: There is no i in font nullfont!
Missing character: There is no n in font nullfont!
Missing character: There is no p in font nullfont!
Missing character: There is no u in font nullfont!
Missing character: There is no t in font nullfont!
Missing character: There is no C in font nullfont!
Missing character: There is no o in font nullfont!
Missing character: There is no m in font nullfont!
Missing character: There is no m in font nullfont!
Missing character: There is no a in font nullfont!
Missing character: There is no n in font nullfont!
Missing character: There is no d in font nullfont!
Missing character: There is no = in font nullfont!
Missing character: There is no " in font nullfont!
Missing character: There is no " in font nullfont!
! You can't use `macro parameter character #' in horizontal mode.
l.129     #
           if Python3:
Sorry, but I'm not programmed to handle this case;
I'll just pretend that you didn't ask for it.
If you're in the wrong mode, you might be able to
return to the right one by typing `I}' or `I$' or `I\par'.

Missing character: There is no i in font nullfont!
Missing character: There is no f in font nullfont!
Missing character: There is no P in font nullfont!
Missing character: There is no y in font nullfont!
Missing character: There is no t in font nullfont!
Missing character: There is no h in font nullfont!
Missing character: There is no o in font nullfont!
Missing character: There is no n in font nullfont!
Missing character: There is no 3 in font nullfont!
Missing character: There is no : in font nullfont!
Missing character: There is no i in font nullfont!
Missing character: There is no n in font nullfont!
Missing character: There is no p in font nullfont!
Missing character: There is no u in font nullfont!
Missing character: There is no t in font nullfont!
Missing character: There is no C in font nullfont!
Missing character: There is no o in font nullfont!
Missing character: There is no m in font nullfont!
Missing character: There is no m in font nullfont!
Missing character: There is no a in font nullfont!
Missing character: There is no n in font nullfont!
Missing character: There is no d in font nullfont!
Missing character: There is no = in font nullfont!
Missing character: There is no r in font nullfont!
Missing character: There is no a in font nullfont!
Missing character: There is no w in font nullfont!
! Missing $ inserted.
<inserted text> 
                $
l.130     inputCommand = raw_
                             input("Command: ")
I've inserted a begin-math/end-math symbol since I think
you left one out. Proceed, with fingers crossed.

! You can't use `macro parameter character #' in math mode.
l.131     #
           else:
Sorry, but I'm not programmed to handle this case;
I'll just pretend that you didn't ask for it.
If you're in the wrong mode, you might be able to
return to the right one by typing `I}' or `I$' or `I\par'.

! You can't use `macro parameter character #' in math mode.
l.132      #
               inputCommand = raw_input("Enter command: ")
Sorry, but I'm not programmed to handle this case;
I'll just pretend that you didn't ask for it.
If you're in the wrong mode, you might be able to
return to the right one by typing `I}' or `I$' or `I\par'.

! Undefined control sequence.
l.151 ...print("Running Prim's Algorithm\nStarting
                                                   Node: " + str(param))
The control sequence at the end of the top line
of your error message was never \def'ed. If you have
misspelled it (e.g., `\hobx'), type `I' and the correct
spelling (e.g., `I\hbox'). Otherwise just continue,
and I'll forget about whatever was undefined.

)
! Emergency stop.
<*> main.py
           
*** (job aborted, no legal \end found)

 
Here is how much of TeX's memory you used:
 11 strings out of 493304
 172 string characters out of 6139871
 57880 words of memory out of 5000000
 3567 multiletter control sequences out of 15000+600000
 3640 words of font info for 14 fonts, out of 8000000 for 9000
 957 hyphenation exceptions out of 8191
 18i,4n,12p,261b,113s stack positions out of 5000i,500n,10000p,200000b,80000s
!  ==> Fatal error occurred, no output PDF file produced!
